f:\21cu0315_黄卓賢\gameprogramming2\オリジナルゲーム\gameprogramming2_sound\gameprogramming2\x64\debug\vc142.pdb
f:\21cu0315_黄卓賢\gameprogramming2\オリジナルゲーム\gameprogramming2_sound\gameprogramming2\x64\debug\vc142.idb
f:\21cu0315_黄卓賢\gameprogramming2\オリジナルゲーム\gameprogramming2_sound\gameprogramming2\x64\debug\stdafx.obj
f:\21cu0315_黄卓賢\gameprogramming2\オリジナルゲーム\gameprogramming2_sound\gameprogramming2\x64\debug\sprite.obj
f:\21cu0315_黄卓賢\gameprogramming2\オリジナルゲーム\gameprogramming2_sound\gameprogramming2\x64\debug\gameover.obj
f:\21cu0315_黄卓賢\gameprogramming2\オリジナルゲーム\gameprogramming2_sound\gameprogramming2\x64\debug\gameclear.obj
f:\21cu0315_黄卓賢\gameprogramming2\オリジナルゲーム\gameprogramming2_sound\gameprogramming2\x64\debug\cactiongameapp.obj
f:\21cu0315_黄卓賢\gameprogramming2\オリジナルゲーム\gameprogramming2_sound\gameprogramming2\x64\debug\actiongame.obj
f:\21cu0315_黄卓賢\gameprogramming2\オリジナルゲーム\gameprogramming2_sound\gameprogramming2\x64\debug\gamepgutil.obj
f:\21cu0315_黄卓賢\gameprogramming2\オリジナルゲーム\gameprogramming2_sound\gameprogramming2\x64\debug\wictextureloader.obj
f:\21cu0315_黄卓賢\gameprogramming2\オリジナルゲーム\gameprogramming2_sound\gameprogramming2\x64\debug\ctexture.obj
f:\21cu0315_黄卓賢\gameprogramming2\オリジナルゲーム\gameprogramming2_sound\gameprogramming2\x64\debug\csound.obj
f:\21cu0315_黄卓賢\gameprogramming2\オリジナルゲーム\gameprogramming2_sound\gameprogramming2\x64\debug\cquadpolygon.obj
f:\21cu0315_黄卓賢\gameprogramming2\オリジナルゲーム\gameprogramming2_sound\gameprogramming2\x64\debug\cpicture.obj
f:\21cu0315_黄卓賢\gameprogramming2\オリジナルゲーム\gameprogramming2_sound\gameprogramming2\x64\debug\cfont.obj
f:\21cu0315_黄卓賢\gameprogramming2\オリジナルゲーム\gameprogramming2_sound\gameprogramming2\x64\debug\cdirectinput.obj
f:\21cu0315_黄卓賢\gameprogramming2\オリジナルゲーム\gameprogramming2_sound\gameprogramming2\x64\debug\ccamera.obj
f:\21cu0315_黄卓賢\gameprogramming2\オリジナルゲーム\gameprogramming2_sound\gameprogramming2\x64\debug\capplication.obj
f:\21cu0315_黄卓賢\gameprogramming2\オリジナルゲーム\gameprogramming2_sound\gameprogramming2\x64\debug\gametitle.obj
f:\21cu0315_黄卓賢\gameprogramming2\オリジナルゲーム\gameprogramming2_sound\gameprogramming2\x64\debug\gameplay.obj
f:\21cu0315_黄卓賢\gameprogramming2\オリジナルゲーム\gameprogramming2_sound\x64\debug\gameprogramming2.exe
f:\21cu0315_黄卓賢\gameprogramming2\オリジナルゲーム\gameprogramming2_sound\x64\debug\gameprogramming2.ilk
f:\21cu0315_黄卓賢\gameprogramming2\オリジナルゲーム\gameprogramming2_sound\x64\debug\gameprogramming2.pdb
f:\21cu0315_黄卓賢\gameprogramming2\オリジナルゲーム\gameprogramming2_sound\gameprogramming2\x64\debug\gameprogramming2.res
f:\21cu0315_黄卓賢\gameprogramming2\オリジナルゲーム\gameprogramming2_sound\gameprogramming2\x64\debug\gameprogramming2.tlog\cl.command.1.tlog
f:\21cu0315_黄卓賢\gameprogramming2\オリジナルゲーム\gameprogramming2_sound\gameprogramming2\x64\debug\gameprogramming2.tlog\cl.read.1.tlog
f:\21cu0315_黄卓賢\gameprogramming2\オリジナルゲーム\gameprogramming2_sound\gameprogramming2\x64\debug\gameprogramming2.tlog\cl.write.1.tlog
f:\21cu0315_黄卓賢\gameprogramming2\オリジナルゲーム\gameprogramming2_sound\gameprogramming2\x64\debug\gameprogramming2.tlog\link.command.1.tlog
f:\21cu0315_黄卓賢\gameprogramming2\オリジナルゲーム\gameprogramming2_sound\gameprogramming2\x64\debug\gameprogramming2.tlog\link.read.1.tlog
f:\21cu0315_黄卓賢\gameprogramming2\オリジナルゲーム\gameprogramming2_sound\gameprogramming2\x64\debug\gameprogramming2.tlog\link.write.1.tlog
f:\21cu0315_黄卓賢\gameprogramming2\オリジナルゲーム\gameprogramming2_sound\gameprogramming2\x64\debug\gameprogramming2.tlog\rc.command.1.tlog
f:\21cu0315_黄卓賢\gameprogramming2\オリジナルゲーム\gameprogramming2_sound\gameprogramming2\x64\debug\gameprogramming2.tlog\rc.read.1.tlog
f:\21cu0315_黄卓賢\gameprogramming2\オリジナルゲーム\gameprogramming2_sound\gameprogramming2\x64\debug\gameprogramming2.tlog\rc.write.1.tlog
